Started GET "/users" for ::1 at 2023-02-02 21:50:45 +0900
  
ActiveRecord::NoDatabaseError (connection to server on socket "/tmp/.s.PGSQL.5432" failed: FATAL:  database "taskleaf_development" does not exist
):
  
activerecord (5.2.8.1) lib/active_record/connection_adapters/postgresql_adapter.rb:696:in `rescue in connect'
activerecord (5.2.8.1) lib/active_record/connection_adapters/postgresql_adapter.rb:691:in `connect'
activerecord (5.2.8.1) lib/active_record/connection_adapters/postgresql_adapter.rb:223:in `initialize'
activerecord (5.2.8.1) lib/active_record/connection_adapters/postgresql_adapter.rb:48:in `new'
activerecord (5.2.8.1) lib/active_record/connection_adapters/postgresql_adapter.rb:48:in `postgresql_connection'
activerecord (5.2.8.1) lib/active_record/connection_adapters/abstract/connection_pool.rb:830:in `new_connection'
activerecord (5.2.8.1) lib/active_record/connection_adapters/abstract/connection_pool.rb:874:in `checkout_new_connection'
activerecord (5.2.8.1) lib/active_record/connection_adapters/abstract/connection_pool.rb:853:in `try_to_checkout_new_connection'
activerecord (5.2.8.1) lib/active_record/connection_adapters/abstract/connection_pool.rb:814:in `acquire_connection'
activerecord (5.2.8.1) lib/active_record/connection_adapters/abstract/connection_pool.rb:538:in `checkout'
activerecord (5.2.8.1) lib/active_record/connection_adapters/abstract/connection_pool.rb:382:in `connection'
activerecord (5.2.8.1) lib/active_record/connection_adapters/abstract/connection_pool.rb:1033:in `retrieve_connection'
activerecord (5.2.8.1) lib/active_record/connection_handling.rb:118:in `retrieve_connection'
activerecord (5.2.8.1) lib/active_record/connection_handling.rb:90:in `connection'
activerecord (5.2.8.1) lib/active_record/migration.rb:554:in `call'
actionpack (5.2.8.1) lib/action_dispatch/middleware/callbacks.rb:28:in `block in call'
activesupport (5.2.8.1) lib/active_support/callbacks.rb:98:in `run_callbacks'
actionpack (5.2.8.1) lib/action_dispatch/middleware/callbacks.rb:26:in `call'
actionpack (5.2.8.1) lib/action_dispatch/middleware/executor.rb:14:in `call'
actionpack (5.2.8.1) lib/action_dispatch/middleware/debug_exceptions.rb:61:in `call'
web-console (3.7.0) lib/web_console/middleware.rb:135:in `call_app'
web-console (3.7.0) lib/web_console/middleware.rb:30:in `block in call'
web-console (3.7.0) lib/web_console/middleware.rb:20:in `catch'
web-console (3.7.0) lib/web_console/middleware.rb:20:in `call'
actionpack (5.2.8.1) lib/action_dispatch/middleware/show_exceptions.rb:33:in `call'
railties (5.2.8.1) lib/rails/rack/logger.rb:38:in `call_app'
railties (5.2.8.1) lib/rails/rack/logger.rb:26:in `block in call'
activesupport (5.2.8.1) lib/active_support/tagged_logging.rb:71:in `block in tagged'
activesupport (5.2.8.1) lib/active_support/tagged_logging.rb:28:in `tagged'
activesupport (5.2.8.1) lib/active_support/tagged_logging.rb:71:in `tagged'
railties (5.2.8.1) lib/rails/rack/logger.rb:26:in `call'
sprockets-rails (3.4.2) lib/sprockets/rails/quiet_assets.rb:13:in `call'
actionpack (5.2.8.1) lib/action_dispatch/middleware/remote_ip.rb:81:in `call'
actionpack (5.2.8.1) lib/action_dispatch/middleware/request_id.rb:27:in `call'
rack (2.2.6.2) lib/rack/method_override.rb:24:in `call'
rack (2.2.6.2) lib/rack/runtime.rb:22:in `call'
activesupport (5.2.8.1) lib/active_support/cache/strategy/local_cache_middleware.rb:29:in `call'
actionpack (5.2.8.1) lib/action_dispatch/middleware/executor.rb:14:in `call'
actionpack (5.2.8.1) lib/action_dispatch/middleware/static.rb:127:in `call'
rack (2.2.6.2) lib/rack/sendfile.rb:110:in `call'
railties (5.2.8.1) lib/rails/engine.rb:524:in `call'
puma (3.12.6) lib/puma/configuration.rb:227:in `call'
puma (3.12.6) lib/puma/server.rb:706:in `handle_request'
puma (3.12.6) lib/puma/server.rb:476:in `process_client'
puma (3.12.6) lib/puma/server.rb:334:in `block in run'
puma (3.12.6) lib/puma/thread_pool.rb:135:in `block in spawn_thread'
Started GET "/" for ::1 at 2023-02-02 21:51:00 +0900
  
ActiveRecord::NoDatabaseError (connection to server on socket "/tmp/.s.PGSQL.5432" failed: FATAL:  database "taskleaf_development" does not exist
):
  
activerecord (5.2.8.1) lib/active_record/connection_adapters/postgresql_adapter.rb:696:in `rescue in connect'
activerecord (5.2.8.1) lib/active_record/connection_adapters/postgresql_adapter.rb:691:in `connect'
activerecord (5.2.8.1) lib/active_record/connection_adapters/postgresql_adapter.rb:223:in `initialize'
activerecord (5.2.8.1) lib/active_record/connection_adapters/postgresql_adapter.rb:48:in `new'
activerecord (5.2.8.1) lib/active_record/connection_adapters/postgresql_adapter.rb:48:in `postgresql_connection'
activerecord (5.2.8.1) lib/active_record/connection_adapters/abstract/connection_pool.rb:830:in `new_connection'
activerecord (5.2.8.1) lib/active_record/connection_adapters/abstract/connection_pool.rb:874:in `checkout_new_connection'
activerecord (5.2.8.1) lib/active_record/connection_adapters/abstract/connection_pool.rb:853:in `try_to_checkout_new_connection'
activerecord (5.2.8.1) lib/active_record/connection_adapters/abstract/connection_pool.rb:814:in `acquire_connection'
activerecord (5.2.8.1) lib/active_record/connection_adapters/abstract/connection_pool.rb:538:in `checkout'
activerecord (5.2.8.1) lib/active_record/connection_adapters/abstract/connection_pool.rb:382:in `connection'
activerecord (5.2.8.1) lib/active_record/connection_adapters/abstract/connection_pool.rb:1033:in `retrieve_connection'
activerecord (5.2.8.1) lib/active_record/connection_handling.rb:118:in `retrieve_connection'
activerecord (5.2.8.1) lib/active_record/connection_handling.rb:90:in `connection'
activerecord (5.2.8.1) lib/active_record/migration.rb:554:in `call'
actionpack (5.2.8.1) lib/action_dispatch/middleware/callbacks.rb:28:in `block in call'
activesupport (5.2.8.1) lib/active_support/callbacks.rb:98:in `run_callbacks'
actionpack (5.2.8.1) lib/action_dispatch/middleware/callbacks.rb:26:in `call'
actionpack (5.2.8.1) lib/action_dispatch/middleware/executor.rb:14:in `call'
actionpack (5.2.8.1) lib/action_dispatch/middleware/debug_exceptions.rb:61:in `call'
web-console (3.7.0) lib/web_console/middleware.rb:135:in `call_app'
web-console (3.7.0) lib/web_console/middleware.rb:30:in `block in call'
web-console (3.7.0) lib/web_console/middleware.rb:20:in `catch'
web-console (3.7.0) lib/web_console/middleware.rb:20:in `call'
actionpack (5.2.8.1) lib/action_dispatch/middleware/show_exceptions.rb:33:in `call'
railties (5.2.8.1) lib/rails/rack/logger.rb:38:in `call_app'
railties (5.2.8.1) lib/rails/rack/logger.rb:26:in `block in call'
activesupport (5.2.8.1) lib/active_support/tagged_logging.rb:71:in `block in tagged'
activesupport (5.2.8.1) lib/active_support/tagged_logging.rb:28:in `tagged'
activesupport (5.2.8.1) lib/active_support/tagged_logging.rb:71:in `tagged'
railties (5.2.8.1) lib/rails/rack/logger.rb:26:in `call'
sprockets-rails (3.4.2) lib/sprockets/rails/quiet_assets.rb:13:in `call'
actionpack (5.2.8.1) lib/action_dispatch/middleware/remote_ip.rb:81:in `call'
actionpack (5.2.8.1) lib/action_dispatch/middleware/request_id.rb:27:in `call'
rack (2.2.6.2) lib/rack/method_override.rb:24:in `call'
rack (2.2.6.2) lib/rack/runtime.rb:22:in `call'
activesupport (5.2.8.1) lib/active_support/cache/strategy/local_cache_middleware.rb:29:in `call'
actionpack (5.2.8.1) lib/action_dispatch/middleware/executor.rb:14:in `call'
actionpack (5.2.8.1) lib/action_dispatch/middleware/static.rb:127:in `call'
rack (2.2.6.2) lib/rack/sendfile.rb:110:in `call'
railties (5.2.8.1) lib/rails/engine.rb:524:in `call'
puma (3.12.6) lib/puma/configuration.rb:227:in `call'
puma (3.12.6) lib/puma/server.rb:706:in `handle_request'
puma (3.12.6) lib/puma/server.rb:476:in `process_client'
puma (3.12.6) lib/puma/server.rb:334:in `block in run'
puma (3.12.6) lib/puma/thread_pool.rb:135:in `block in spawn_thread'
  [1m[35m (174.2ms)[0m  [1m[35mCREATE DATABASE "taskleaf_development" ENCODING = 'unicode'[0m
  â†³ bin/rails:9
  [1m[35m (67.7ms)[0m  [1m[35mCREATE DATABASE "taskleaf_test" ENCODING = 'unicode'[0m
  â†³ bin/rails:9
Started GET "/" for ::1 at 2023-02-02 21:52:44 +0900
Processing by Rails::WelcomeController#index as HTML
  Rendering /Users/skoni/.rbenv/versions/2.5.1/lib/ruby/gems/2.5.0/gems/railties-5.2.8.1/lib/rails/templates/rails/welcome/index.html.erb
  Rendered /Users/skoni/.rbenv/versions/2.5.1/lib/ruby/gems/2.5.0/gems/railties-5.2.8.1/lib/rails/templates/rails/welcome/index.html.erb (2.0ms)
Completed 200 OK in 11ms (Views: 5.6ms | ActiveRecord: 0.0ms)


Started GET "/" for ::1 at 2023-02-02 22:02:59 +0900
Processing by Rails::WelcomeController#index as HTML
  Rendering /Users/skoni/.rbenv/versions/2.5.1/lib/ruby/gems/2.5.0/gems/railties-5.2.8.1/lib/rails/templates/rails/welcome/index.html.erb
  Rendered /Users/skoni/.rbenv/versions/2.5.1/lib/ruby/gems/2.5.0/gems/railties-5.2.8.1/lib/rails/templates/rails/welcome/index.html.erb (2.2ms)
Completed 200 OK in 12ms (Views: 6.5ms | ActiveRecord: 0.0ms)


Started GET "/" for ::1 at 2023-02-02 22:14:13 +0900
Processing by Rails::WelcomeController#index as HTML
  Rendering /Users/skoni/.rbenv/versions/2.5.1/lib/ruby/gems/2.5.0/gems/railties-5.2.8.1/lib/rails/templates/rails/welcome/index.html.erb
  Rendered /Users/skoni/.rbenv/versions/2.5.1/lib/ruby/gems/2.5.0/gems/railties-5.2.8.1/lib/rails/templates/rails/welcome/index.html.erb (1.9ms)
Completed 200 OK in 8ms (Views: 4.5ms | ActiveRecord: 0.0ms)


Started GET "/" for ::1 at 2023-02-02 22:15:10 +0900
Processing by Rails::WelcomeController#index as HTML
  Rendering /Users/skoni/.rbenv/versions/2.5.1/lib/ruby/gems/2.5.0/gems/railties-5.2.8.1/lib/rails/templates/rails/welcome/index.html.erb
  Rendered /Users/skoni/.rbenv/versions/2.5.1/lib/ruby/gems/2.5.0/gems/railties-5.2.8.1/lib/rails/templates/rails/welcome/index.html.erb (1.7ms)
Completed 200 OK in 6ms (Views: 3.9ms | ActiveRecord: 0.0ms)


Started GET "/app" for ::1 at 2023-02-02 22:15:29 +0900
  
ActionController::RoutingError (No route matches [GET] "/app"):
  
actionpack (5.2.8.1) lib/action_dispatch/middleware/debug_exceptions.rb:65:in `call'
web-console (3.7.0) lib/web_console/middleware.rb:135:in `call_app'
web-console (3.7.0) lib/web_console/middleware.rb:30:in `block in call'
web-console (3.7.0) lib/web_console/middleware.rb:20:in `catch'
web-console (3.7.0) lib/web_console/middleware.rb:20:in `call'
actionpack (5.2.8.1) lib/action_dispatch/middleware/show_exceptions.rb:33:in `call'
railties (5.2.8.1) lib/rails/rack/logger.rb:38:in `call_app'
railties (5.2.8.1) lib/rails/rack/logger.rb:26:in `block in call'
activesupport (5.2.8.1) lib/active_support/tagged_logging.rb:71:in `block in tagged'
activesupport (5.2.8.1) lib/active_support/tagged_logging.rb:28:in `tagged'
activesupport (5.2.8.1) lib/active_support/tagged_logging.rb:71:in `tagged'
railties (5.2.8.1) lib/rails/rack/logger.rb:26:in `call'
sprockets-rails (3.4.2) lib/sprockets/rails/quiet_assets.rb:13:in `call'
actionpack (5.2.8.1) lib/action_dispatch/middleware/remote_ip.rb:81:in `call'
actionpack (5.2.8.1) lib/action_dispatch/middleware/request_id.rb:27:in `call'
rack (2.2.6.2) lib/rack/method_override.rb:24:in `call'
rack (2.2.6.2) lib/rack/runtime.rb:22:in `call'
activesupport (5.2.8.1) lib/active_support/cache/strategy/local_cache_middleware.rb:29:in `call'
actionpack (5.2.8.1) lib/action_dispatch/middleware/executor.rb:14:in `call'
actionpack (5.2.8.1) lib/action_dispatch/middleware/static.rb:127:in `call'
rack (2.2.6.2) lib/rack/sendfile.rb:110:in `call'
railties (5.2.8.1) lib/rails/engine.rb:524:in `call'
puma (3.12.6) lib/puma/configuration.rb:227:in `call'
puma (3.12.6) lib/puma/server.rb:706:in `handle_request'
puma (3.12.6) lib/puma/server.rb:476:in `process_client'
puma (3.12.6) lib/puma/server.rb:334:in `block in run'
puma (3.12.6) lib/puma/thread_pool.rb:135:in `block in spawn_thread'
Started GET "/" for ::1 at 2023-02-03 22:45:51 +0900
Processing by Rails::WelcomeController#index as HTML
  Rendering /Users/skoni/.rbenv/versions/2.5.1/lib/ruby/gems/2.5.0/gems/railties-5.2.8.1/lib/rails/templates/rails/welcome/index.html.erb
  Rendered /Users/skoni/.rbenv/versions/2.5.1/lib/ruby/gems/2.5.0/gems/railties-5.2.8.1/lib/rails/templates/rails/welcome/index.html.erb (5.6ms)
Completed 200 OK in 13ms (Views: 8.5ms | ActiveRecord: 0.0ms)


  [1m[35m (37.2ms)[0m  [1m[35mCREATE TABLE "schema_migrations" ("version" character varying NOT NULL PRIMARY KEY)[0m
  â†³ bin/rails:9
  [1m[35m (3.7ms)[0m  [1m[35mCREATE TABLE "ar_internal_metadata" ("key" character varying NOT NULL PRIMARY KEY, "value" character varying, "created_at" timestamp NOT NULL, "updated_at" timestamp NOT NULL)[0m
  â†³ bin/rails:9
  [1m[35m (0.5ms)[0m  [1m[34mSELECT pg_try_advisory_lock(3400679014569659550)[0m
  â†³ bin/rails:9
  [1m[35m (0.7ms)[0m  [1m[34mSELECT "schema_migrations"."version" FROM "schema_migrations" ORDER BY "schema_migrations"."version" ASC[0m
  â†³ bin/rails:9
Migrating to CreateTasks (20230203134630)
  [1m[35m (0.1ms)[0m  [1m[35mBEGIN[0m
  â†³ bin/rails:9
  [1m[35m (4.3ms)[0m  [1m[35mCREATE TABLE "tasks" ("id" bigserial primary key, "name" character varying, "description" text, "created_at" timestamp NOT NULL, "updated_at" timestamp NOT NULL)[0m
  â†³ db/migrate/20230203134630_create_tasks.rb:3
  [1m[36mActiveRecord::SchemaMigration Create (0.3ms)[0m  [1m[32mINSERT INTO "schema_migrations" ("version") VALUES ($1) RETURNING "version"[0m  [["version", "20230203134630"]]
  â†³ bin/rails:9
  [1m[35m (0.3ms)[0m  [1m[35mCOMMIT[0m
  â†³ bin/rails:9
  [1m[36mActiveRecord::InternalMetadata Load (0.2ms)[0m  [1m[34mSELECT  "ar_internal_metadata".* FROM "ar_internal_metadata" WHERE "ar_internal_metadata"."key" = $1 LIMIT $2[0m  [["key", "environment"], ["LIMIT", 1]]
  â†³ bin/rails:9
  [1m[35m (0.1ms)[0m  [1m[35mBEGIN[0m
  â†³ bin/rails:9
  [1m[36mActiveRecord::InternalMetadata Create (0.4ms)[0m  [1m[32mINSERT INTO "ar_internal_metadata" ("key", "value", "created_at", "updated_at") VALUES ($1, $2, $3, $4) RETURNING "key"[0m  [["key", "environment"], ["value", "development"], ["created_at", "2023-02-03 13:53:59.901180"], ["updated_at", "2023-02-03 13:53:59.901180"]]
  â†³ bin/rails:9
  [1m[35m (0.2ms)[0m  [1m[35mCOMMIT[0m
  â†³ bin/rails:9
  [1m[35m (0.1ms)[0m  [1m[34mSELECT pg_advisory_unlock(3400679014569659550)[0m
  â†³ bin/rails:9
  [1m[35m (0.2ms)[0m  [1m[34mSELECT "schema_migrations"."version" FROM "schema_migrations" ORDER BY "schema_migrations"."version" ASC[0m
  â†³ bin/rails:9
Started GET "/" for ::1 at 2023-02-03 23:03:24 +0900
  [1m[35m (0.4ms)[0m  [1m[34mSELECT "schema_migrations"."version" FROM "schema_migrations" ORDER BY "schema_migrations"."version" ASC[0m
  â†³ /Users/skoni/.rbenv/versions/2.5.1/lib/ruby/gems/2.5.0/gems/activerecord-5.2.8.1/lib/active_record/log_subscriber.rb:98
Processing by TasksController#index as HTML
  Rendering tasks/index.html.slim within layouts/application
  Rendered tasks/index.html.slim within layouts/application (13.8ms)
Completed 500 Internal Server Error in 196ms (ActiveRecord: 0.0ms)


  
ActionView::Template::Error (File to import not found or unreadable: bootstrap.
Load paths:
  /Users/skoni/Desktop/study/genba_ruby_on_rails/3_chapter/taskleaf/app/assets/config
  /Users/skoni/Desktop/study/genba_ruby_on_rails/3_chapter/taskleaf/app/assets/images
  /Users/skoni/Desktop/study/genba_ruby_on_rails/3_chapter/taskleaf/app/assets/javascripts
  /Users/skoni/Desktop/study/genba_ruby_on_rails/3_chapter/taskleaf/app/assets/stylesheets
  /Users/skoni/.rbenv/versions/2.5.1/lib/ruby/gems/2.5.0/gems/coffee-rails-4.2.2/lib/assets/javascripts
  /Users/skoni/.rbenv/versions/2.5.1/lib/ruby/gems/2.5.0/gems/actioncable-5.2.8.1/lib/assets/compiled
  /Users/skoni/.rbenv/versions/2.5.1/lib/ruby/gems/2.5.0/gems/activestorage-5.2.8.1/app/assets/javascripts
  /Users/skoni/.rbenv/versions/2.5.1/lib/ruby/gems/2.5.0/gems/actionview-5.2.8.1/lib/assets/compiled
  /Users/skoni/.rbenv/versions/2.5.1/lib/ruby/gems/2.5.0/gems/turbolinks-source-5.2.0/lib/assets/javascripts
  /Users/skoni/Desktop/study/genba_ruby_on_rails/3_chapter/taskleaf/node_modules):
     5:       | Taskleaf
     6:     = csrf_meta_tags
     7:     = csp_meta_tag
     8:     = stylesheet_link_tag    'application', media: 'all', 'data-turbolinks-track': 'reload'
     9:     = javascript_include_tag 'application', 'data-turbolinks-track': 'reload'
    10:   body
    11:     .app-title.navbar.navbar-expand-md.navbar-light.bg-light 
  
app/assets/stylesheets/application.scss:1
app/views/layouts/application.html.slim:8:in `_app_views_layouts_application_html_slim__4240191166961768141_70291482296380'
Started GET "/" for ::1 at 2023-02-03 23:05:19 +0900
  [1m[35m (0.4ms)[0m  [1m[34mSELECT "schema_migrations"."version" FROM "schema_migrations" ORDER BY "schema_migrations"."version" ASC[0m
  â†³ /Users/skoni/.rbenv/versions/2.5.1/lib/ruby/gems/2.5.0/gems/activerecord-5.2.8.1/lib/active_record/log_subscriber.rb:98
Processing by TasksController#index as HTML
  Rendering tasks/index.html.slim within layouts/application
  Rendered tasks/index.html.slim within layouts/application (10.5ms)
Completed 200 OK in 2486ms (Views: 2481.3ms | ActiveRecord: 0.0ms)


Started GET "/" for ::1 at 2023-02-03 23:06:03 +0900
Processing by TasksController#index as HTML
  Rendering tasks/index.html.slim within layouts/application
  Rendered tasks/index.html.slim within layouts/application (2.3ms)
Completed 200 OK in 31ms (Views: 28.4ms | ActiveRecord: 0.0ms)


Started GET "/" for ::1 at 2023-02-03 23:11:52 +0900
Processing by TasksController#index as HTML
  Rendering tasks/index.html.slim within layouts/application
  Rendered tasks/index.html.slim within layouts/application (2.7ms)
Completed 500 Internal Server Error in 10ms (ActiveRecord: 0.0ms)


  
SyntaxError (/Users/skoni/Desktop/study/genba_ruby_on_rails/3_chapter/taskleaf/app/views/tasks/index.html.slim:5: syntax error, unexpected '='
...mple::Utils.escape_html_safe((= link_to  "æ–°è¦ç™»éŒ²", new...
...                              ^):
  
app/views/tasks/index.html.slim:5: syntax error, unexpected '='
Started GET "/" for ::1 at 2023-02-03 23:11:58 +0900
Processing by TasksController#index as HTML
  Rendering tasks/index.html.slim within layouts/application
  Rendered tasks/index.html.slim within layouts/application (2.3ms)
Completed 200 OK in 27ms (Views: 24.9ms | ActiveRecord: 0.0ms)


Started GET "/" for ::1 at 2023-02-03 23:12:07 +0900
Processing by TasksController#index as HTML
  Rendering tasks/index.html.slim within layouts/application
  Rendered tasks/index.html.slim within layouts/application (2.0ms)
Completed 200 OK in 23ms (Views: 21.6ms | ActiveRecord: 0.0ms)


Started GET "/" for ::1 at 2023-02-03 23:12:11 +0900
Processing by TasksController#index as HTML
  Rendering tasks/index.html.slim within layouts/application
  Rendered tasks/index.html.slim within layouts/application (2.0ms)
Completed 200 OK in 23ms (Views: 21.2ms | ActiveRecord: 0.0ms)


Started GET "/" for ::1 at 2023-02-03 23:12:23 +0900
Processing by TasksController#index as HTML
  Rendering tasks/index.html.slim within layouts/application
  Rendered tasks/index.html.slim within layouts/application (2.2ms)
Completed 200 OK in 27ms (Views: 24.9ms | ActiveRecord: 0.0ms)


Started GET "/tasks/new" for ::1 at 2023-02-03 23:12:37 +0900
Processing by TasksController#new as HTML
  Rendering tasks/new.html.slim within layouts/application
  Rendered tasks/new.html.slim within layouts/application (2.2ms)
Completed 200 OK in 29ms (Views: 26.8ms | ActiveRecord: 0.0ms)


Started GET "/tasks/new" for ::1 at 2023-02-03 23:12:41 +0900
Processing by TasksController#new as HTML
  Rendering tasks/new.html.slim within layouts/application
  Rendered tasks/new.html.slim within layouts/application (2.5ms)
Completed 200 OK in 28ms (Views: 26.2ms | ActiveRecord: 0.0ms)


Started GET "/" for ::1 at 2023-02-04 22:02:00 +0900
Processing by TasksController#index as HTML
  Rendering tasks/index.html.slim within layouts/application
  Rendered tasks/index.html.slim within layouts/application (3.8ms)
Completed 200 OK in 34ms (Views: 30.8ms | ActiveRecord: 0.0ms)


Started GET "/tasks/new" for ::1 at 2023-02-04 22:02:01 +0900
Processing by TasksController#new as HTML
  Rendering tasks/new.html.slim within layouts/application
  Rendered tasks/new.html.slim within layouts/application (2.2ms)
Completed 500 Internal Server Error in 24ms (ActiveRecord: 9.1ms)


  
SyntaxError (/Users/skoni/Desktop/study/genba_ruby_on_rails/3_chapter/taskleaf/app/views/tasks/new.html.slim:4: syntax error, unexpected '='
...mple::Utils.escape_html_safe((= link_to  "ä¸€è¦§", tasks_pat...
...                              ^):
  
app/views/tasks/new.html.slim:4: syntax error, unexpected '='
Started GET "/tasks/new" for ::1 at 2023-02-04 22:02:08 +0900
Processing by TasksController#new as HTML
  Rendering tasks/new.html.slim within layouts/application
  Rendered tasks/new.html.slim within layouts/application (2.3ms)
Completed 200 OK in 33ms (Views: 30.8ms | ActiveRecord: 0.0ms)


Started GET "/tasks/new" for ::1 at 2023-02-04 22:04:55 +0900
Processing by TasksController#new as HTML
  Rendering tasks/new.html.slim within layouts/application
  Rendered tasks/new.html.slim within layouts/application (340.7ms)
Completed 200 OK in 368ms (Views: 365.8ms | ActiveRecord: 0.0ms)


Started GET "/tasks/new" for ::1 at 2023-02-04 22:06:42 +0900
Processing by TasksController#new as HTML
  Rendering tasks/new.html.slim within layouts/application
  Rendered tasks/new.html.slim within layouts/application (4.2ms)
Completed 200 OK in 26ms (Views: 23.8ms | ActiveRecord: 0.0ms)


Started POST "/tasks" for ::1 at 2023-02-04 22:16:22 +0900
Processing by TasksController#create as HTML
  Parameters: {"utf8"=>"âœ“", "authenticity_token"=>"TP95j8A5tEphXafRGqrJZNTzOSD8QYaZYaAjWTAd4c5XwwnIdrxCgGUecTXG0EncKwdKOFgl5bluDuf5BlEeZQ==", "task"=>{"name"=>"ä¸€è¦§è¡¨ç¤ºæ©Ÿèƒ½ã®å®Ÿè£…", "description"=>"ä¸€è¦§ã‚¢ã‚¯ã‚·ãƒ§ãƒ³ã¨ä¸€è¦§ç”»é¢ã‚’å®Ÿè£…ã™ã‚‹ã€‚\r\nãã—ã¦è©³ç´°ã€ç·¨é›†ã€å‰Šé™¤ã®ãƒªãƒ³ã‚¯ã‚’åŠ ãˆã‚‹ã€‚"}, "commit"=>"ç™»éŒ²ã™ã‚‹"}
  [1m[35m (0.1ms)[0m  [1m[35mBEGIN[0m
  â†³ app/controllers/tasks_controller.rb:14
  [1m[36mTask Create (2.9ms)[0m  [1m[32mINSERT INTO "tasks" ("name", "description", "created_at", "updated_at") VALUES ($1, $2, $3, $4) RETURNING "id"[0m  [["name", "ä¸€è¦§è¡¨ç¤ºæ©Ÿèƒ½ã®å®Ÿè£…"], ["description", "ä¸€è¦§ã‚¢ã‚¯ã‚·ãƒ§ãƒ³ã¨ä¸€è¦§ç”»é¢ã‚’å®Ÿè£…ã™ã‚‹ã€‚\r\nãã—ã¦è©³ç´°ã€ç·¨é›†ã€å‰Šé™¤ã®ãƒªãƒ³ã‚¯ã‚’åŠ ãˆã‚‹ã€‚"], ["created_at", "2023-02-04 13:16:22.198595"], ["updated_at", "2023-02-04 13:16:22.198595"]]
  â†³ app/controllers/tasks_controller.rb:14
  [1m[35m (0.8ms)[0m  [1m[35mCOMMIT[0m
  â†³ app/controllers/tasks_controller.rb:14
Redirected to http://localhost:3000/tasks
Completed 302 Found in 19ms (ActiveRecord: 9.0ms)


Started GET "/tasks" for ::1 at 2023-02-04 22:16:22 +0900
Processing by TasksController#index as HTML
  Rendering tasks/index.html.slim within layouts/application
  Rendered tasks/index.html.slim within layouts/application (2.6ms)
Completed 200 OK in 32ms (Views: 29.4ms | ActiveRecord: 0.0ms)


Started GET "/tasks/new" for ::1 at 2023-02-04 22:16:27 +0900
Processing by TasksController#new as HTML
  Rendering tasks/new.html.slim within layouts/application
  Rendered tasks/new.html.slim within layouts/application (4.2ms)
Completed 200 OK in 27ms (Views: 24.9ms | ActiveRecord: 0.0ms)


Started GET "/tasks/new" for ::1 at 2023-02-04 22:21:59 +0900
Processing by TasksController#new as HTML
  Rendering tasks/new.html.slim within layouts/application
  Rendered tasks/new.html.slim within layouts/application (5.0ms)
Completed 200 OK in 37ms (Views: 34.2ms | ActiveRecord: 0.0ms)


Started GET "/tasks" for ::1 at 2023-02-04 22:35:27 +0900
Processing by TasksController#index as HTML
  Rendering tasks/index.html.slim within layouts/application
  Rendered tasks/index.html.slim within layouts/application (2.5ms)
Completed 200 OK in 32ms (Views: 27.7ms | ActiveRecord: 0.0ms)


Started GET "/tasks" for ::1 at 2023-02-04 22:35:40 +0900
Processing by TasksController#index as HTML
  Rendering tasks/index.html.slim within layouts/application
  Rendered tasks/index.html.slim within layouts/application (2.2ms)
Completed 200 OK in 31ms (Views: 28.8ms | ActiveRecord: 0.0ms)


Started GET "/tasks" for ::1 at 2023-02-04 22:35:47 +0900
Processing by TasksController#index as HTML
  Rendering tasks/index.html.slim within layouts/application
  [1m[36mTask Load (0.6ms)[0m  [1m[34mSELECT "tasks".* FROM "tasks"[0m
  â†³ app/views/tasks/index.html.slim:5
  Rendered tasks/index.html.slim within layouts/application (25.4ms)
Completed 500 Internal Server Error in 32ms (ActiveRecord: 5.2ms)


  
ActionView::Template::Error (no implicit conversion of Symbol into Integer):
    2: p Find me in app/views/tasks/index.html.slim
    3: h1 ã‚¿ã‚¹ã‚¯ä¸€è¦§
    4: = link_to  "æ–°è¦ç™»éŒ²", new_task_path, class: 'btn btn-primary'
    5: = @tasks[:id]
  
app/views/tasks/index.html.slim:5:in `_app_views_tasks_index_html_slim___1975609996307640237_70116632258860'
Started GET "/tasks" for ::1 at 2023-02-04 22:36:06 +0900
Processing by TasksController#index as HTML
  Rendering tasks/index.html.slim within layouts/application
  Rendered tasks/index.html.slim within layouts/application (2.2ms)
Completed 200 OK in 24ms (Views: 21.9ms | ActiveRecord: 0.0ms)


Started GET "/tasks" for ::1 at 2023-02-04 22:36:16 +0900
Processing by TasksController#index as HTML
  Rendering tasks/index.html.slim within layouts/application
  Rendered tasks/index.html.slim within layouts/application (1.9ms)
Completed 200 OK in 25ms (Views: 22.8ms | ActiveRecord: 0.0ms)


Started GET "/tasks" for ::1 at 2023-02-04 22:37:49 +0900
Processing by TasksController#index as HTML
  Rendering tasks/index.html.slim within layouts/application
  [1m[36mTask Load (0.5ms)[0m  [1m[34mSELECT "tasks".* FROM "tasks"[0m
  â†³ app/views/tasks/index.html.slim:12
  Rendered tasks/index.html.slim within layouts/application (4.1ms)
Completed 200 OK in 25ms (Views: 23.0ms | ActiveRecord: 0.5ms)


Started GET "/tasks" for ::1 at 2023-02-04 22:38:03 +0900
Processing by TasksController#index as HTML
  Rendering tasks/index.html.slim within layouts/application
  [1m[36mTask Load (0.2ms)[0m  [1m[34mSELECT "tasks".* FROM "tasks"[0m
  â†³ app/views/tasks/index.html.slim:12
  Rendered tasks/index.html.slim within layouts/application (4.2ms)
Completed 200 OK in 27ms (Views: 24.9ms | ActiveRecord: 0.2ms)


Started GET "/tasks/new" for ::1 at 2023-02-04 22:38:20 +0900
Processing by TasksController#new as HTML
  Rendering tasks/new.html.slim within layouts/application
  Rendered tasks/new.html.slim within layouts/application (4.2ms)
Completed 200 OK in 27ms (Views: 24.5ms | ActiveRecord: 0.0ms)


Started POST "/tasks" for ::1 at 2023-02-04 22:38:34 +0900
Processing by TasksController#create as HTML
  Parameters: {"utf8"=>"âœ“", "authenticity_token"=>"6HorSptlfQtFhC3fiHZmtpegTB4y/vZtT1JAI8DW/znh0mJxnDJ7x5ifWGstPoWVygiTMGLhoQSSEise5eWeBw==", "task"=>{"name"=>"è©³ç´°è¡¨ç¤ºç”»é¢ã®å®Ÿè£…", "description"=>"ã‚¿ã‚¹ã‚¯ã‚’ã‚¯ãƒªãƒƒã‚¯ã—ãŸæ™‚ã®æŒ™å‹•ã‚’ä½œã‚‹ã€‚"}, "commit"=>"ç™»éŒ²ã™ã‚‹"}
  [1m[35m (0.1ms)[0m  [1m[35mBEGIN[0m
  â†³ app/controllers/tasks_controller.rb:15
  [1m[36mTask Create (0.6ms)[0m  [1m[32mINSERT INTO "tasks" ("name", "description", "created_at", "updated_at") VALUES ($1, $2, $3, $4) RETURNING "id"[0m  [["name", "è©³ç´°è¡¨ç¤ºç”»é¢ã®å®Ÿè£…"], ["description", "ã‚¿ã‚¹ã‚¯ã‚’ã‚¯ãƒªãƒƒã‚¯ã—ãŸæ™‚ã®æŒ™å‹•ã‚’ä½œã‚‹ã€‚"], ["created_at", "2023-02-04 13:38:34.625417"], ["updated_at", "2023-02-04 13:38:34.625417"]]
  â†³ app/controllers/tasks_controller.rb:15
  [1m[35m (0.8ms)[0m  [1m[35mCOMMIT[0m
  â†³ app/controllers/tasks_controller.rb:15
Redirected to http://localhost:3000/tasks
Completed 302 Found in 4ms (ActiveRecord: 1.5ms)


Started GET "/tasks" for ::1 at 2023-02-04 22:38:34 +0900
Processing by TasksController#index as HTML
  Rendering tasks/index.html.slim within layouts/application
  [1m[36mTask Load (0.2ms)[0m  [1m[34mSELECT "tasks".* FROM "tasks"[0m
  â†³ app/views/tasks/index.html.slim:12
  Rendered tasks/index.html.slim within layouts/application (4.0ms)
Completed 200 OK in 26ms (Views: 24.2ms | ActiveRecord: 0.2ms)


Started GET "/tasks/new" for ::1 at 2023-02-04 22:38:36 +0900
Processing by TasksController#new as HTML
  Rendering tasks/new.html.slim within layouts/application
  Rendered tasks/new.html.slim within layouts/application (4.7ms)
Completed 200 OK in 31ms (Views: 29.0ms | ActiveRecord: 0.0ms)


Started POST "/tasks" for ::1 at 2023-02-04 22:38:53 +0900
Processing by TasksController#create as HTML
  Parameters: {"utf8"=>"âœ“", "authenticity_token"=>"jK+QIbDj706N5l0eIbIR0Qd2KIfOSXcFxVQ0v9lA/MKFB9kat7TpglD9KKqE+vLyWt73qZ5WIGwYFF+C/HOd/A==", "task"=>{"name"=>"ç·¨é›†æ©Ÿèƒ½ã®å®Ÿè£…", "description"=>"ã‚¿ã‚¹ã‚¯ã«èª¤å­—ãŒã‚ã£ãŸæ™‚ãªã©ã«ç·¨é›†ã§ãã‚‹æ©Ÿèƒ½ã‚’ä½œã‚‹ã€‚"}, "commit"=>"ç™»éŒ²ã™ã‚‹"}
  [1m[35m (0.2ms)[0m  [1m[35mBEGIN[0m
  â†³ app/controllers/tasks_controller.rb:15
  [1m[36mTask Create (1.4ms)[0m  [1m[32mINSERT INTO "tasks" ("name", "description", "created_at", "updated_at") VALUES ($1, $2, $3, $4) RETURNING "id"[0m  [["name", "ç·¨é›†æ©Ÿèƒ½ã®å®Ÿè£…"], ["description", "ã‚¿ã‚¹ã‚¯ã«èª¤å­—ãŒã‚ã£ãŸæ™‚ãªã©ã«ç·¨é›†ã§ãã‚‹æ©Ÿèƒ½ã‚’ä½œã‚‹ã€‚"], ["created_at", "2023-02-04 13:38:53.245833"], ["updated_at", "2023-02-04 13:38:53.245833"]]
  â†³ app/controllers/tasks_controller.rb:15
  [1m[35m (0.4ms)[0m  [1m[35mCOMMIT[0m
  â†³ app/controllers/tasks_controller.rb:15
Redirected to http://localhost:3000/tasks
Completed 302 Found in 4ms (ActiveRecord: 2.0ms)


Started GET "/tasks" for ::1 at 2023-02-04 22:38:53 +0900
Processing by TasksController#index as HTML
  Rendering tasks/index.html.slim within layouts/application
  [1m[36mTask Load (0.4ms)[0m  [1m[34mSELECT "tasks".* FROM "tasks"[0m
  â†³ app/views/tasks/index.html.slim:12
  Rendered tasks/index.html.slim within layouts/application (5.1ms)
Completed 200 OK in 32ms (Views: 28.9ms | ActiveRecord: 0.4ms)


Started GET "/tasks" for ::1 at 2023-02-04 22:42:32 +0900
Processing by TasksController#index as HTML
  Rendering tasks/index.html.slim within layouts/application
  [1m[36mTask Load (0.2ms)[0m  [1m[34mSELECT "tasks".* FROM "tasks"[0m
  â†³ app/views/tasks/index.html.slim:13
  Rendered tasks/index.html.slim within layouts/application (4.3ms)
Completed 200 OK in 27ms (Views: 24.3ms | ActiveRecord: 0.2ms)


Started GET "/tasks" for ::1 at 2023-02-06 22:44:56 +0900
Processing by TasksController#index as HTML
  Rendering tasks/index.html.slim within layouts/application
  [1m[36mTask Load (1.7ms)[0m  [1m[34mSELECT "tasks".* FROM "tasks"[0m
  â†³ app/views/tasks/index.html.slim:13
  Rendered tasks/index.html.slim within layouts/application (17.0ms)
Completed 500 Internal Server Error in 30ms (ActiveRecord: 1.7ms)


  
ActionView::Template::Error (No route matches {:action=>"show", :controller=>"tasks", :id=>nil}):
    13:     - @tasks.each do |task|
    14:       tr 
    15:         td= task.id 
    16:         td= link_to task.name, controller: "tasks", action: "show", id: @task
    17:         td= task.created_at 
  
app/views/tasks/index.html.slim:16:in `block in _app_views_tasks_index_html_slim___1975609996307640237_70117301727340'
app/views/tasks/index.html.slim:13:in `_app_views_tasks_index_html_slim___1975609996307640237_70117301727340'
Started GET "/tasks" for ::1 at 2023-02-06 22:45:05 +0900
Processing by TasksController#index as HTML
  Rendering tasks/index.html.slim within layouts/application
  [1m[36mTask Load (0.2ms)[0m  [1m[34mSELECT "tasks".* FROM "tasks"[0m
  â†³ app/views/tasks/index.html.slim:13
  Rendered tasks/index.html.slim within layouts/application (6.4ms)
Completed 200 OK in 39ms (Views: 36.5ms | ActiveRecord: 0.2ms)


Started GET "/tasks/1" for ::1 at 2023-02-06 22:45:08 +0900
Processing by TasksController#show as HTML
  Parameters: {"id"=>"1"}
  Rendering tasks/show.html.slim within layouts/application
  Rendered tasks/show.html.slim within layouts/application (2.3ms)
Completed 200 OK in 30ms (Views: 27.0ms | ActiveRecord: 0.0ms)


Started GET "/tasks" for ::1 at 2023-02-06 22:46:07 +0900
Processing by TasksController#index as HTML
  Rendering tasks/index.html.slim within layouts/application
  [1m[36mTask Load (0.5ms)[0m  [1m[34mSELECT "tasks".* FROM "tasks"[0m
  â†³ app/views/tasks/index.html.slim:13
  Rendered tasks/index.html.slim within layouts/application (5.8ms)
Completed 200 OK in 28ms (Views: 25.4ms | ActiveRecord: 0.5ms)


Started GET "/tasks/1" for ::1 at 2023-02-06 22:46:08 +0900
Processing by TasksController#show as HTML
  Parameters: {"id"=>"1"}
  Rendering tasks/show.html.slim within layouts/application
  Rendered tasks/show.html.slim within layouts/application (2.0ms)
Completed 200 OK in 31ms (Views: 29.1ms | ActiveRecord: 0.0ms)


Started GET "/tasks/1" for ::1 at 2023-02-06 22:46:40 +0900
Processing by TasksController#show as HTML
  Parameters: {"id"=>"1"}
  [1m[36mTask Load (0.2ms)[0m  [1m[34mSELECT  "tasks".* FROM "tasks" WHERE "tasks"."id" = $1 LIMIT $2[0m  [["id", 1], ["LIMIT", 1]]
  â†³ app/controllers/tasks_controller.rb:7
  Rendering tasks/show.html.slim within layouts/application
  Rendered tasks/show.html.slim within layouts/application (1.7ms)
Completed 200 OK in 79ms (Views: 21.9ms | ActiveRecord: 10.2ms)


Started GET "/tasks/1" for ::1 at 2023-02-06 22:50:11 +0900
Processing by TasksController#show as HTML
  Parameters: {"id"=>"1"}
  [1m[36mTask Load (0.2ms)[0m  [1m[34mSELECT  "tasks".* FROM "tasks" WHERE "tasks"."id" = $1 LIMIT $2[0m  [["id", 1], ["LIMIT", 1]]
  â†³ app/controllers/tasks_controller.rb:7
  Rendering tasks/show.html.slim within layouts/application
  Rendered tasks/show.html.slim within layouts/application (4.5ms)
Completed 200 OK in 27ms (Views: 24.2ms | ActiveRecord: 0.2ms)


Started GET "/tasks/1" for ::1 at 2023-02-06 22:58:46 +0900
Processing by TasksController#show as HTML
  Parameters: {"id"=>"1"}
  [1m[36mTask Load (0.4ms)[0m  [1m[34mSELECT  "tasks".* FROM "tasks" WHERE "tasks"."id" = $1 LIMIT $2[0m  [["id", 1], ["LIMIT", 1]]
  â†³ app/controllers/tasks_controller.rb:7
  Rendering tasks/show.html.slim within layouts/application
  Rendered tasks/show.html.slim within layouts/application (4.7ms)
Completed 200 OK in 30ms (Views: 27.2ms | ActiveRecord: 0.6ms)


Started GET "/tasks/1" for ::1 at 2023-02-06 23:08:35 +0900
Processing by TasksController#show as HTML
  Parameters: {"id"=>"1"}
  [1m[36mTask Load (0.5ms)[0m  [1m[34mSELECT  "tasks".* FROM "tasks" WHERE "tasks"."id" = $1 LIMIT $2[0m  [["id", 1], ["LIMIT", 1]]
  â†³ app/controllers/tasks_controller.rb:7
  Rendering tasks/show.html.slim within layouts/application
  Rendered tasks/show.html.slim within layouts/application (4.3ms)
Completed 200 OK in 36ms (Views: 31.4ms | ActiveRecord: 0.7ms)


Started GET "/tasks" for ::1 at 2023-02-06 23:08:38 +0900
Processing by TasksController#index as HTML
  Rendering tasks/index.html.slim within layouts/application
  [1m[36mTask Load (0.3ms)[0m  [1m[34mSELECT "tasks".* FROM "tasks"[0m
  â†³ app/views/tasks/index.html.slim:14
  Rendered tasks/index.html.slim within layouts/application (5.4ms)
Completed 200 OK in 28ms (Views: 25.8ms | ActiveRecord: 0.3ms)


Started GET "/tasks/1/edit" for ::1 at 2023-02-06 23:08:40 +0900
Processing by TasksController#edit as HTML
  Parameters: {"id"=>"1"}
  Rendering tasks/edit.html.slim within layouts/application
  Rendered tasks/edit.html.slim within layouts/application (3.3ms)
Completed 200 OK in 29ms (Views: 26.7ms | ActiveRecord: 0.0ms)


Started GET "/tasks/1/edit" for ::1 at 2023-02-06 23:12:05 +0900
Processing by TasksController#edit as HTML
  Parameters: {"id"=>"1"}
  Rendering tasks/edit.html.slim within layouts/application
  Rendered tasks/edit.html.slim within layouts/application (2.8ms)
Completed 200 OK in 32ms (Views: 30.1ms | ActiveRecord: 0.0ms)


Started GET "/tasks/1" for ::1 at 2023-02-06 23:12:07 +0900
Processing by TasksController#show as HTML
  Parameters: {"id"=>"1"}
  [1m[36mTask Load (0.3ms)[0m  [1m[34mSELECT  "tasks".* FROM "tasks" WHERE "tasks"."id" = $1 LIMIT $2[0m  [["id", 1], ["LIMIT", 1]]
  â†³ app/controllers/tasks_controller.rb:7
  Rendering tasks/show.html.slim within layouts/application
  Rendered tasks/show.html.slim within layouts/application (273.4ms)
Completed 500 Internal Server Error in 282ms (ActiveRecord: 0.3ms)


  
ActionView::Template::Error (undefined local variable or method `task' for #<#<Class:0x00007f8aa9aa6b90>:0x00007f8a99e1da40>
Did you mean?  @task):
    20:       th= Task.human_attribute_name(:updated_at)
    21:       td= @task.updated_at
    22: 
    23: = link_to 'ç·¨é›†', edit_task_path(task), class: 'btn btn-primary mr-3'
  
app/views/tasks/show.html.slim:23:in `_app_views_tasks_show_html_slim__2396457569877943733_70116631966420'
Started GET "/tasks/1" for ::1 at 2023-02-06 23:12:14 +0900
Processing by TasksController#show as HTML
  Parameters: {"id"=>"1"}
  [1m[36mTask Load (0.3ms)[0m  [1m[34mSELECT  "tasks".* FROM "tasks" WHERE "tasks"."id" = $1 LIMIT $2[0m  [["id", 1], ["LIMIT", 1]]
  â†³ app/controllers/tasks_controller.rb:7
  Rendering tasks/show.html.slim within layouts/application
  Rendered tasks/show.html.slim within layouts/application (7.8ms)
Completed 200 OK in 49ms (Views: 45.6ms | ActiveRecord: 0.3ms)


Started GET "/tasks/1/edit" for ::1 at 2023-02-06 23:12:16 +0900
Processing by TasksController#edit as HTML
  Parameters: {"id"=>"1"}
  Rendering tasks/edit.html.slim within layouts/application
  Rendered tasks/edit.html.slim within layouts/application (1.9ms)
Completed 200 OK in 27ms (Views: 24.8ms | ActiveRecord: 0.0ms)


Started GET "/tasks/1/edit" for ::1 at 2023-02-06 23:14:53 +0900
Processing by TasksController#edit as HTML
  Parameters: {"id"=>"1"}
  [1m[36mTask Load (0.1ms)[0m  [1m[34mSELECT  "tasks".* FROM "tasks" WHERE "tasks"."id" = $1 LIMIT $2[0m  [["id", 1], ["LIMIT", 1]]
  â†³ app/controllers/tasks_controller.rb:21
  Rendering tasks/edit.html.slim within layouts/application
  Rendered tasks/edit.html.slim within layouts/application (1.8ms)
Completed 200 OK in 34ms (Views: 21.3ms | ActiveRecord: 4.9ms)


Started GET "/tasks/1/edit" for ::1 at 2023-02-06 23:17:46 +0900
Processing by TasksController#edit as HTML
  Parameters: {"id"=>"1"}
  [1m[36mTask Load (0.2ms)[0m  [1m[34mSELECT  "tasks".* FROM "tasks" WHERE "tasks"."id" = $1 LIMIT $2[0m  [["id", 1], ["LIMIT", 1]]
  â†³ app/controllers/tasks_controller.rb:21
  Rendering tasks/edit.html.slim within layouts/application
  Rendered tasks/edit.html.slim within layouts/application (237.1ms)
Completed 500 Internal Server Error in 244ms (ActiveRecord: 0.2ms)


  
ActionView::Template::Error (undefined local variable or method `f' for #<#<Class:0x00007f8a99edfcd0>:0x00007f8ad99c1fd8>):
    10:   .form-froup 
    11:     = f.label :description
    12:     = f.text_area :description, rows: 5, class: 'form-control', id: 'task_description'
    13: = f.submit nil, class: 'btn btn-primary'
  
app/views/tasks/edit.html.slim:13:in `_app_views_tasks_edit_html_slim__1106882500026710317_70117166552180'
Started GET "/tasks/1/edit" for ::1 at 2023-02-06 23:18:05 +0900
Processing by TasksController#edit as HTML
  Parameters: {"id"=>"1"}
  [1m[36mTask Load (0.2ms)[0m  [1m[34mSELECT  "tasks".* FROM "tasks" WHERE "tasks"."id" = $1 LIMIT $2[0m  [["id", 1], ["LIMIT", 1]]
  â†³ app/controllers/tasks_controller.rb:21
  Rendering tasks/edit.html.slim within layouts/application
  Rendered tasks/edit.html.slim within layouts/application (5.0ms)
Completed 200 OK in 30ms (Views: 27.7ms | ActiveRecord: 0.2ms)


Started GET "/tasks/1/edit" for ::1 at 2023-02-06 23:18:16 +0900
Processing by TasksController#edit as HTML
  Parameters: {"id"=>"1"}
  [1m[36mTask Load (0.2ms)[0m  [1m[34mSELECT  "tasks".* FROM "tasks" WHERE "tasks"."id" = $1 LIMIT $2[0m  [["id", 1], ["LIMIT", 1]]
  â†³ app/controllers/tasks_controller.rb:21
  Rendering tasks/edit.html.slim within layouts/application
  Rendered tasks/edit.html.slim within layouts/application (4.0ms)
Completed 200 OK in 27ms (Views: 23.6ms | ActiveRecord: 0.2ms)


Started GET "/tasks/1/edit" for ::1 at 2023-02-06 23:19:07 +0900
Processing by TasksController#edit as HTML
  Parameters: {"id"=>"1"}
  [1m[36mTask Load (0.2ms)[0m  [1m[34mSELECT  "tasks".* FROM "tasks" WHERE "tasks"."id" = $1 LIMIT $2[0m  [["id", 1], ["LIMIT", 1]]
  â†³ app/controllers/tasks_controller.rb:21
  Rendering tasks/edit.html.slim within layouts/application
  Rendered tasks/edit.html.slim within layouts/application (4.3ms)
Completed 200 OK in 30ms (Views: 26.6ms | ActiveRecord: 0.2ms)


Started GET "/tasks/1/edit" for ::1 at 2023-02-06 23:19:08 +0900
Processing by TasksController#edit as HTML
  Parameters: {"id"=>"1"}
  [1m[36mTask Load (0.2ms)[0m  [1m[34mSELECT  "tasks".* FROM "tasks" WHERE "tasks"."id" = $1 LIMIT $2[0m  [["id", 1], ["LIMIT", 1]]
  â†³ app/controllers/tasks_controller.rb:21
  Rendering tasks/edit.html.slim within layouts/application
  Rendered tasks/edit.html.slim within layouts/application (4.4ms)
Completed 200 OK in 30ms (Views: 26.6ms | ActiveRecord: 0.2ms)


Started GET "/tasks/1/edit" for ::1 at 2023-02-06 23:19:35 +0900
Processing by TasksController#edit as HTML
  Parameters: {"id"=>"1"}
  [1m[36mTask Load (0.1ms)[0m  [1m[34mSELECT  "tasks".* FROM "tasks" WHERE "tasks"."id" = $1 LIMIT $2[0m  [["id", 1], ["LIMIT", 1]]
  â†³ app/controllers/tasks_controller.rb:21
  Rendering tasks/edit.html.slim within layouts/application
  Rendered tasks/edit.html.slim within layouts/application (3.9ms)
Completed 200 OK in 27ms (Views: 24.0ms | ActiveRecord: 0.1ms)


Started GET "/tasks/1/edit" for ::1 at 2023-02-06 23:19:42 +0900
Processing by TasksController#edit as HTML
  Parameters: {"id"=>"1"}
  [1m[36mTask Load (0.1ms)[0m  [1m[34mSELECT  "tasks".* FROM "tasks" WHERE "tasks"."id" = $1 LIMIT $2[0m  [["id", 1], ["LIMIT", 1]]
  â†³ app/controllers/tasks_controller.rb:21
  Rendering tasks/edit.html.slim within layouts/application
  Rendered tasks/edit.html.slim within layouts/application (3.8ms)
Completed 200 OK in 31ms (Views: 28.5ms | ActiveRecord: 0.1ms)


Started PATCH "/tasks/1" for ::1 at 2023-02-06 23:19:59 +0900
Processing by TasksController#update as HTML
  Parameters: {"utf8"=>"âœ“", "authenticity_token"=>"ujHTXbxqTM+J2eOFPzgJBJc42fg8v6+Cf5lsrSWU/qGhDaMaCu+6BY2aNWHjQom8aMyq4JjbzKJwN6gNE9gBCg==", "task"=>{"name"=>"ä¸€è¦§è¡¨ç¤ºæ©Ÿèƒ½ã®å®Ÿè£…ï¼ˆæ›´æ–°ï¼‰", "description"=>"ä¸€è¦§ã‚¢ã‚¯ã‚·ãƒ§ãƒ³ã¨ä¸€è¦§ç”»é¢ã‚’å®Ÿè£…ã™ã‚‹ã€‚\r\nãã—ã¦è©³ç´°ã€ç·¨é›†ã€å‰Šé™¤ã®ãƒªãƒ³ã‚¯ã‚’åŠ ãˆã‚‹ã€‚"}, "commit"=>"æ›´æ–°ã™ã‚‹", "id"=>"1"}
  [1m[36mTask Load (0.3ms)[0m  [1m[34mSELECT  "tasks".* FROM "tasks" WHERE "tasks"."id" = $1 LIMIT $2[0m  [["id", 1], ["LIMIT", 1]]
  â†³ app/controllers/tasks_controller.rb:25
  [1m[35m (0.1ms)[0m  [1m[35mBEGIN[0m
  â†³ app/controllers/tasks_controller.rb:26
  [1m[36mTask Update (0.5ms)[0m  [1m[33mUPDATE "tasks" SET "name" = $1, "updated_at" = $2 WHERE "tasks"."id" = $3[0m  [["name", "ä¸€è¦§è¡¨ç¤ºæ©Ÿèƒ½ã®å®Ÿè£…ï¼ˆæ›´æ–°ï¼‰"], ["updated_at", "2023-02-06 14:19:59.100190"], ["id", 1]]
  â†³ app/controllers/tasks_controller.rb:26
  [1m[35m (3.2ms)[0m  [1m[35mCOMMIT[0m
  â†³ app/controllers/tasks_controller.rb:26
Redirected to http://localhost:3000/tasks
Completed 302 Found in 8ms (ActiveRecord: 4.0ms)


Started GET "/tasks" for ::1 at 2023-02-06 23:19:59 +0900
Processing by TasksController#index as HTML
  Rendering tasks/index.html.slim within layouts/application
  [1m[36mTask Load (0.3ms)[0m  [1m[34mSELECT "tasks".* FROM "tasks"[0m
  â†³ app/views/tasks/index.html.slim:14
  Rendered tasks/index.html.slim within layouts/application (6.1ms)
Completed 200 OK in 33ms (Views: 30.4ms | ActiveRecord: 0.3ms)


Started GET "/tasks/1" for ::1 at 2023-02-06 23:20:01 +0900
Processing by TasksController#show as HTML
  Parameters: {"id"=>"1"}
  [1m[36mTask Load (0.2ms)[0m  [1m[34mSELECT  "tasks".* FROM "tasks" WHERE "tasks"."id" = $1 LIMIT $2[0m  [["id", 1], ["LIMIT", 1]]
  â†³ app/controllers/tasks_controller.rb:7
  Rendering tasks/show.html.slim within layouts/application
  Rendered tasks/show.html.slim within layouts/application (4.3ms)
Completed 200 OK in 27ms (Views: 24.5ms | ActiveRecord: 0.2ms)


